\BOOKMARK [0][-]{chapter.1}{Introduction}{}% 1
\BOOKMARK [1][-]{section.1.1}{Motivation}{chapter.1}% 2
\BOOKMARK [1][-]{section.1.2}{Overview}{chapter.1}% 3
\BOOKMARK [0][-]{chapter.2}{Methods}{}% 4
\BOOKMARK [1][-]{section.2.1}{General}{chapter.2}% 5
\BOOKMARK [2][-]{subsection.2.1.1}{Coordinate Systems}{section.2.1}% 6
\BOOKMARK [2][-]{subsection.2.1.2}{Camera Projections}{section.2.1}% 7
\BOOKMARK [2][-]{subsection.2.1.3}{Interpolations}{section.2.1}% 8
\BOOKMARK [1][-]{section.2.2}{Mapping}{chapter.2}% 9
\BOOKMARK [2][-]{subsection.2.2.1}{Photometric Error Calculation}{section.2.2}% 10
\BOOKMARK [2][-]{subsection.2.2.2}{Optimization Setup}{section.2.2}% 11
\BOOKMARK [2][-]{subsection.2.2.3}{Solver Scheme}{section.2.2}% 12
\BOOKMARK [1][-]{section.2.3}{Localization}{chapter.2}% 13
\BOOKMARK [2][-]{subsection.2.3.1}{Photometric Error Calculation}{section.2.3}% 14
\BOOKMARK [2][-]{subsection.2.3.2}{Optimization Setup}{section.2.3}% 15
\BOOKMARK [2][-]{subsection.2.3.3}{Solver Scheme}{section.2.3}% 16
\BOOKMARK [0][-]{chapter.3}{Results}{}% 17
\BOOKMARK [1][-]{section.3.1}{Overview Datasets}{chapter.3}% 18
\BOOKMARK [1][-]{section.3.2}{Mapping}{chapter.3}% 19
\BOOKMARK [1][-]{section.3.3}{Localization}{chapter.3}% 20
\BOOKMARK [0][-]{chapter.4}{Conclusion}{}% 21
\BOOKMARK [1][-]{section.4.1}{Achievements}{chapter.4}% 22
\BOOKMARK [1][-]{section.4.2}{Future Work}{chapter.4}% 23
\BOOKMARK [0][-]{section*.4}{Appendices}{}% 24
\BOOKMARK [0][-]{Appendix.1.A}{Parameters}{}% 25
\BOOKMARK [1][-]{section.1.A.1}{Rectification Test}{Appendix.1.A}% 26
\BOOKMARK [1][-]{section.1.A.2}{Transformation Test}{Appendix.1.A}% 27
